2023-02-06 18:50:51,161 267621  INFO  nofile is (10000000, 10000000)
2023-02-06 18:50:51,161 267621  INFO  Config file is updated
2023-02-06 18:50:51,188 267628  INFO  Generate shm/00001 with filesize: 19461570560 seed: /etc/passwd:1
2023-02-06 18:50:51,194 267632  INFO  Generate shm/00002 with filesize: 19428016128 seed: /etc/passwd:2
2023-02-06 18:50:51,197 267635  INFO  Generate shm/00003 with filesize: 19587399680 seed: /etc/passwd:3
2023-02-06 18:50:51,197 267639  INFO  Generate shm/00004 with filesize: 19440599040 seed: /etc/passwd:4
2023-02-06 18:50:51,198 267640  INFO  Generate shm/00005 with filesize: 19360907264 seed: /etc/passwd:5
2023-02-06 18:51:32,318 267640  INFO  Raw file 00005 is generated and start generate the car file, took: 41
2023-02-06 18:51:32,468 267632  INFO  Raw file 00002 is generated and start generate the car file, took: 41
2023-02-06 18:51:32,557 267628  INFO  Raw file 00001 is generated and start generate the car file, took: 41
2023-02-06 18:51:32,564 267639  INFO  Raw file 00004 is generated and start generate the car file, took: 41
2023-02-06 18:51:34,267 267635  INFO  Raw file 00003 is generated and start generate the car file, took: 43
2023-02-06 18:56:48,446 267640  INFO  car file for 00005 is generate in data-car/00005.car and start generate the commp, took: 316
2023-02-06 18:56:51,858 267639  INFO  car file for 00004 is generate in data-car/00004.car and start generate the commp, took: 319
2023-02-06 18:56:53,277 267632  INFO  car file for 00002 is generate in data-car/00002.car and start generate the commp, took: 320
2023-02-06 18:56:56,290 267635  INFO  car file for 00003 is generate in data-car/00003.car and start generate the commp, took: 322
2023-02-06 18:56:56,397 267628  INFO  car file for 00001 is generate in data-car/00001.car and start generate the commp, took: 323
2023-02-06 18:57:36,921 267621  INFO  file rename  Success data-car/00005.car ==> /opt/raid0/python3/data-car/baga6ea4seaqou4js4l3nwjj3gzvdk7sfwtl75kewoverah33nktt5d7znemqodi.car
2023-02-06 18:57:36,922 267621  INFO  Success 1/0/5 took: 00:06:45, eta: 00:01:07, data-car/00005.car
2023-02-06 18:57:45,363 267621  INFO  file rename  Success data-car/00004.car ==> /opt/raid0/python3/data-car/baga6ea4seaqnri4ict7rnr6dwr5txjf577lqijopgtx7ri4cery6frm4xzspscq.car
2023-02-06 18:57:45,363 267621  INFO  Success 2/0/5 took: 00:06:54, eta: 00:00:51, data-car/00004.car
2023-02-06 18:57:46,432 267621  INFO  file rename  Success data-car/00002.car ==> /opt/raid0/python3/data-car/baga6ea4seaqpaab4okd327vfcc6sl4wo7l4ic4qverlfc44ozbqav7xmschjmnq.car
2023-02-06 18:57:46,433 267621  INFO  Success 3/0/5 took: 00:06:55, eta: 00:00:34, data-car/00002.car
2023-02-06 18:57:49,706 267621  INFO  file rename  Success data-car/00003.car ==> /opt/raid0/python3/data-car/baga6ea4seaqokd4gi5ecvakxbubcfvj7vkipd7yqdrib4hddxeivdutlhhrbiaa.car
2023-02-06 18:57:49,707 267621  INFO  Success 4/0/5 took: 00:06:58, eta: 00:00:17, data-car/00003.car
2023-02-06 18:57:52,296 267621  INFO  file rename  Success data-car/00001.car ==> /opt/raid0/python3/data-car/baga6ea4seaqac6wd26qwv2xcz3w4wmll3pj7dsrefrkxcjyabwdm7xooqpg4giq.car
2023-02-06 18:57:52,296 267621  INFO  Success 5/0/5 took: 00:07:01, eta: 00:00:00, data-car/00001.car
2023-02-06 18:58:39,438 268954  INFO  nofile is (10000000, 10000000)
2023-02-06 18:58:39,438 268954  INFO  Config file is updated
2023-02-06 18:58:39,456 268954  INFO  skip index: 1 with filename 00001 is done already
2023-02-06 18:58:39,456 268954  INFO  skip index: 2 with filename 00002 is done already
2023-02-06 18:58:39,456 268954  INFO  skip index: 3 with filename 00003 is done already
2023-02-06 18:58:39,456 268954  INFO  skip index: 4 with filename 00004 is done already
2023-02-06 18:58:39,456 268954  INFO  skip index: 5 with filename 00005 is done already
